<?xml version="1.0" encoding="UTF-8"?>
<testng-results skipped="0" failed="0" ignored="0" total="1" passed="1">
  <reporter-output>
  </reporter-output>
  <suite name="Suite" duration-ms="223967" started-at="2020-03-27T10:14:50Z" finished-at="2020-03-27T10:18:34Z">
    <groups>
    </groups>
    <test name="Test" duration-ms="223967" started-at="2020-03-27T10:14:50Z" finished-at="2020-03-27T10:18:34Z">
      <class name="Automation.Demo">
        <test-method status="PASS" signature="testDemo()[pri:0, instance:Automation.Demo@3c0a50da]" name="testDemo" duration-ms="223917" started-at="2020-03-27T10:14:50Z" finished-at="2020-03-27T10:18:34Z">
          <reporter-output>
          </reporter-output>
        </test-method> <!-- testDemo -->
      </class> <!-- Automation.Demo -->
    </test> <!-- Test -->
  </suite> <!-- Suite -->
</testng-results>
