<?xml version="1.0" encoding="UTF-8"?>
<testng-results skipped="0" failed="0" ignored="0" total="1" passed="1">
  <reporter-output>
  </reporter-output>
  <suite name="Suite" duration-ms="18659" started-at="2020-03-27T08:46:29 IST" finished-at="2020-03-27T08:46:48 IST">
    <groups>
    </groups>
    <test name="Test" duration-ms="18659" started-at="2020-03-27T08:46:29 IST" finished-at="2020-03-27T08:46:48 IST">
      <class name="Automation.Demo">
        <test-method status="PASS" signature="testDemo()[pri:0, instance:Automation.Demo@2758fe70]" name="testDemo" duration-ms="18582" started-at="2020-03-27T08:46:29 IST" finished-at="2020-03-27T08:46:48 IST">
          <reporter-output>
          </reporter-output>
        </test-method> <!-- testDemo -->
      </class> <!-- Automation.Demo -->
    </test> <!-- Test -->
  </suite> <!-- Suite -->
</testng-results>
